                                                                                                              
2017/10/02 05:07:28.957 0x206 getInetAddr(172.16.20.213)
2017/10/02 05:07:28.958 0x206 create()
2017/10/02 05:07:28.958 0x206 Socket(3) is created.
2017/10/02 05:07:28.959 0x206 create()
2017/10/02 05:07:28.959 0x206 Socket(4) is created.
2017/10/02 05:07:28.959 0x206 4: setNoDelay(1)
2017/10/02 05:07:28.959 0x206 3: connect(172.16.20.213, 8193, 10)
2017/10/02 05:07:28.959 0x206 3: setNonBlocking(1)
2017/10/02 05:07:28.980 0x206 3: setNonBlocking(1)
2017/10/02 05:07:28.980 0x206 3: send(0xbe864770, 12, 0)
2017/10/02 05:07:28.981 0x206 Send 12 byte(s): A0 A0 A0 A0 00 01 01 01 00 02 00 01
2017/10/02 05:07:29.000 0x206 3: receive(0xbe864770, 10, 0)
2017/10/02 05:07:29.001 0x206 Recieve 10 byte(s): A0 A0 A0 A0 00 05 01 02 01 68
2017/10/02 05:07:29.001 0x206 3: receive(0xbe86477a, 360, 0)
2017/10/02 05:07:29.001 0x206 Recieve 360 byte(s): 00 08 00 05 00 03 00 20 00 08 00 0A 00 03 00 03 00 08 00 08 00 01 00 01 00 01 00 00 00 11 02 00 00 00 00 00 00 00 00 00 20 4D 00 01 00 00 00 08 00 08 00 01 00 01 00 01 00 00 00 00 00 02 00 00
              
2017/10/02 05:07:29.001 0x206 4: connect(172.16.20.213, 8193, 10)
2017/10/02 05:07:29.001 0x206 4: setNonBlocking(1)
2017/10/02 05:07:29.017 0x206 4: setNonBlocking(1)
2017/10/02 05:07:29.018 0x206 4: send(0xbe864770, 12, 0)
2017/10/02 05:07:29.018 0x206 Send 12 byte(s): A0 A0 A0 A0 00 01 01 01 00 02 00 02
2017/10/02 05:07:29.036 0x206 4: receive(0xbe864770, 10, 0)
2017/10/02 05:07:29.036 0x206 Recieve 10 byte(s): A0 A0 A0 A0 00 05 01 02 01 68
2017/10/02 05:07:29.036 0x206 4: receive(0xbe86477a, 360, 0)
2017/10/02 05:07:29.037 0x206 Recieve 360 byte(s): 00 08 00 05 00 03 00 20 00 08 00 0A 00 03 00 03 00 08 00 08 00 01 00 01 00 01 00 00 00 11 02 00 00 00 00 00 00 00 00 00 20 4D 00 01 00 00 00 08 00 08 00 01 00 01 00 01 00 00 00 00 00 02 00 00
2017/10/02 05:07:29.037 0x206 4: send(0xbe8638e0, 40, 0)
2017/10/02 05:07:29.037 0x206 Send 40 byte(s): A0 A0 A0 A0 00 01 21 01 00 1E 00 01 00 1C 00 01 00 01 00 18 00 00 00 00 00 00 00 00 00 00 00 00 00 00 00 00 00 00 00 00
2017/10/02 05:07:29.049 0x206 4: receive(0xbe8638e0, 10, 0)
2017/10/02 05:07:29.049 0x206 Recieve 10 byte(s): A0 A0 A0 A0 00 05 21 02 00 24
2017/10/02 05:07:29.050 0x206 4: receive(0xbe8638ea, 36, 0)
2017/10/02 05:07:29.051 0x206 Recieve 36 byte(s): 00 01 00 22 00 01 00 01 00 18 00 00 00 00 00 00 00 12 02 02 00 20 33 31 20 4D 47 34 32 31 39 31 2E 30 30 38
2017/10/02 05:07:29.051 0x206 Circuit is created: IP = 172.16.20.213 port = 8193 sock1 = 3 sock2 = 4
2017/10/02 05:07:29.051 0x206 The handle(32769) is created: sock1 = 3 sock2 = 4
2017/10/02 05:07:29.052 0x206 4: send(0xbe865e60, 96, 0)
2017/10/02 05:07:29.053 0x206 Send 96 byte(s): A0 A0 A0 A0 00 01 21 01 00 56 00 03 00 1C 00 01 00 01 00 19 00 00 00 00 00 00 00 00 00 00 00 00 00 00 00 00 00 00 00 00 00 1C 00 01 00 01 00 E1 00 00 00 00 00 00 00 00 00 00 00 00 00 00 00 00
2017/10/02 05:07:29.064 0x206 4: receive(0xbe865e60, 10, 0)
2017/10/02 05:07:29.064 0x206 Recieve 10 byte(s): A0 A0 A0 A0 00 05 21 02 00 46
2017/10/02 05:07:29.064 0x206 4: receive(0xbe865e6a, 70, 0)
2017/10/02 05:07:29.065 0x206 Recieve 70 byte(s): 00 03 00 1E 00 01 00 01 00 19 00 00 00 00 00 00 00 0E 00 00 00 00 00 00 00 00 00 00 00 01 00 00 00 14 00 01 00 01 00 E1 00 00 00 00 00 00 00 04 00 00 00 00 00 12 00 01 00 01 00 98 00 00 00 00
2017/10/02 05:07:29.066 0x206 3: send(0xbe865cf0, 10, 0)
2017/10/02 05:07:29.066 0x206 Send 10 byte(s): A0 A0 A0 A0 00 01 02 01 00 00
2017/10/02 05:07:29.076 0x206 3: receive(0xbe865cf0, 10, 0)
2017/10/02 05:07:29.076 0x206 Recieve 10 byte(s): A0 A0 A0 A0 00 05 02 02 00 00
2017/10/02 05:07:29.077 0x206 4: send(0xbe865cf0, 10, 0)
2017/10/02 05:07:29.078 0x206 Send 10 byte(s): A0 A0 A0 A0 00 01 02 01 00 00
2017/10/02 05:07:29.092 0x206 4: receive(0xbe865cf0, 10, 0)
2017/10/02 05:07:29.092 0x206 Recieve 10 byte(s): A0 A0 A0 A0 00 05 02 02 00 00
2017/10/02 05:07:29.093 0x206 3: close()
2017/10/02 05:07:29.094 0x206 3: setNonBlocking(0)
2017/10/02 05:07:29.094 0x206 Socket(3) was closed.
2017/10/02 05:07:29.094 0x206 4: close()
2017/10/02 05:07:29.094 0x206 4: setNonBlocking(0)
2017/10/02 05:07:29.095 0x206 Socket(4) was closed.
2017/10/02 05:07:29.095 0x206 Circuit was closed: IP = 172.16.20.213 port = 8193
2017/10/02 05:07:29.095 0x206 The handle(32769) is destoryed.
2017/10/02 05:07:37.344 0x207 getInetAddr(172.16.20.213)
2017/10/02 05:07:37.345 0x207 create()
2017/10/02 05:07:37.345 0x207 Socket(3) is created.
2017/10/02 05:07:37.346 0x207 create()
2017/10/02 05:07:37.346 0x207 Socket(4) is created.
2017/10/02 05:07:37.346 0x207 4: setNoDelay(1)
2017/10/02 05:07:37.347 0x207 3: connect(172.16.20.213, 8193, 10)
2017/10/02 05:07:37.348 0x207 3: setNonBlocking(1)
2017/10/02 05:07:37.360 0x207 3: setNonBlocking(1)
2017/10/02 05:07:37.360 0x207 3: send(0xbefc2768, 12, 0)
2017/10/02 05:07:37.361 0x207 Send 12 byte(s): A0 A0 A0 A0 00 01 01 01 00 02 00 01
2017/10/02 05:07:37.380 0x207 3: receive(0xbefc2768, 10, 0)
2017/10/02 05:07:37.380 0x207 Recieve 10 byte(s): A0 A0 A0 A0 00 05 01 02 01 68
2017/10/02 05:07:37.381 0x207 3: receive(0xbefc2772, 360, 0)
2017/10/02 05:07:37.381 0x207 Recieve 360 byte(s): 00 08 00 05 00 03 00 20 00 08 00 0A 00 03 00 03 00 08 00 08 00 01 00 01 00 01 00 00 00 11 02 00 00 00 00 00 00 00 00 00 20 4D 00 01 00 00 00 08 00 08 00 01 00 01 00 01 00 00 00 00 00 02 00 00
2017/10/02 05:07:37.381 0x207 4: connect(172.16.20.213, 8193, 10)
2017/10/02 05:07:37.381 0x207 4: setNonBlocking(1)
2017/10/02 05:07:37.396 0x207 4: setNonBlocking(1)
2017/10/02 05:07:37.396 0x207 4: send(0xbefc2768, 12, 0)
2017/10/02 05:07:37.397 0x207 Send 12 byte(s): A0 A0 A0 A0 00 01 01 01 00 02 00 02
2017/10/02 05:07:37.408 0x207 4: receive(0xbefc2768, 10, 0)
2017/10/02 05:07:37.408 0x207 Recieve 10 byte(s): A0 A0 A0 A0 00 05 01 02 01 68
2017/10/02 05:07:37.409 0x207 4: receive(0xbefc2772, 360, 0)
2017/10/02 05:07:37.410 0x207 Recieve 360 byte(s): 00 08 00 05 00 03 00 20 00 08 00 0A 00 03 00 03 00 08 00 08 00 01 00 01 00 01 00 00 00 11 02 00 00 00 00 00 00 00 00 00 20 4D 00 01 00 00 00 08 00 08 00 01 00 01 00 01 00 00 00 00 00 02 00 00
2017/10/02 05:07:37.410 0x207 4: send(0xbefc18d8, 40, 0)
2017/10/02 05:07:37.410 0x207 Send 40 byte(s): A0 A0 A0 A0 00 01 21 01 00 1E 00 01 00 1C 00 01 00 01 00 18 00 00 00 00 00 00 00 00 00 00 00 00 00 00 00 00 00 00 00 00
2017/10/02 05:07:37.416 0x207 4: receive(0xbefc18d8, 10, 0)
2017/10/02 05:07:37.416 0x207 Recieve 10 byte(s): A0 A0 A0 A0 00 05 21 02 00 24
2017/10/02 05:07:37.416 0x207 4: receive(0xbefc18e2, 36, 0)
2017/10/02 05:07:37.417 0x207 Recieve 36 byte(s): 00 01 00 22 00 01 00 01 00 18 00 00 00 00 00 00 00 12 02 02 00 20 33 31 20 4D 47 34 32 31 39 31 2E 30 30 38
2017/10/02 05:07:37.417 0x207 Circuit is created: IP = 172.16.20.213 port = 8193 sock1 = 3 sock2 = 4
2017/10/02 05:07:37.417 0x207 The handle(32769) is created: sock1 = 3 sock2 = 4
2017/10/02 05:07:37.419 0x207 4: send(0xbefc3e58, 96, 0)
2017/10/02 05:07:37.419 0x207 Send 96 byte(s): A0 A0 A0 A0 00 01 21 01 00 56 00 03 00 1C 00 01 00 01 00 19 00 00 00 00 00 00 00 00 00 00 00 00 00 00 00 00 00 00 00 00 00 1C 00 01 00 01 00 E1 00 00 00 00 00 00 00 00 00 00 00 00 00 00 00 00
2017/10/02 05:07:37.428 0x207 4: receive(0xbefc3e58, 10, 0)
2017/10/02 05:07:37.428 0x207 Recieve 10 byte(s): A0 A0 A0 A0 00 05 21 02 00 46
2017/10/02 05:07:37.428 0x207 4: receive(0xbefc3e62, 70, 0)
2017/10/02 05:07:37.429 0x207 Recieve 70 byte(s): 00 03 00 1E 00 01 00 01 00 19 00 00 00 00 00 00 00 0E 00 00 00 00 00 00 00 00 00 00 00 01 00 00 00 14 00 01 00 01 00 E1 00 00 00 00 00 00 00 04 00 00 00 00 00 12 00 01 00 01 00 98 00 00 00 00
2017/10/02 05:07:37.430 0x207 3: send(0xbefc3ce8, 10, 0)
2017/10/02 05:07:37.431 0x207 Send 10 byte(s): A0 A0 A0 A0 00 01 02 01 00 00
2017/10/02 05:07:37.440 0x207 3: receive(0xbefc3ce8, 10, 0)
2017/10/02 05:07:37.440 0x207 Recieve 10 byte(s): A0 A0 A0 A0 00 05 02 02 00 00
2017/10/02 05:07:37.442 0x207 4: send(0xbefc3ce8, 10, 0)
2017/10/02 05:07:37.442 0x207 Send 10 byte(s): A0 A0 A0 A0 00 01 02 01 00 00
2017/10/02 05:07:37.456 0x207 4: receive(0xbefc3ce8, 10, 0)
2017/10/02 05:07:37.456 0x207 Recieve 10 byte(s): A0 A0 A0 A0 00 05 02 02 00 00
2017/10/02 05:07:37.457 0x207 3: close()
2017/10/02 05:07:37.458 0x207 3: setNonBlocking(0)
2017/10/02 05:07:37.458 0x207 Socket(3) was closed.
2017/10/02 05:07:37.458 0x207 4: close()
2017/10/02 05:07:37.459 0x207 4: setNonBlocking(0)
2017/10/02 05:07:37.459 0x207 Socket(4) was closed.
2017/10/02 05:07:37.459 0x207 Circuit was closed: IP = 172.16.20.213 port = 8193
2017/10/02 05:07:37.459 0x207 The handle(32769) is destoryed.
2017/10/02 05:11:31.812 0x237 getInetAddr(172.16.20.213)
2017/10/02 05:11:31.813 0x237 create()
2017/10/02 05:11:31.813 0x237 Socket(3) is created.
2017/10/02 05:11:31.813 0x237 create()
2017/10/02 05:11:31.814 0x237 Socket(4) is created.
2017/10/02 05:11:31.814 0x237 4: setNoDelay(1)
2017/10/02 05:11:31.814 0x237 3: connect(172.16.20.213, 8193, 10)
2017/10/02 05:11:31.814 0x237 3: setNonBlocking(1)
2017/10/02 05:11:31.826 0x237 3: setNonBlocking(1)
2017/10/02 05:11:31.827 0x237 3: send(0xbeb75778, 12, 0)
2017/10/02 05:11:31.827 0x237 Send 12 byte(s): A0 A0 A0 A0 00 01 01 01 00 02 00 01
2017/10/02 05:11:31.839 0x237 3: receive(0xbeb75778, 10, 0)
2017/10/02 05:11:31.840 0x237 Recieve 10 byte(s): A0 A0 A0 A0 00 05 01 02 01 68
2017/10/02 05:11:31.840 0x237 3: receive(0xbeb75782, 360, 0)
2017/10/02 05:11:31.840 0x237 Recieve 360 byte(s): 00 08 00 05 00 03 00 20 00 08 00 0A 00 03 00 03 00 08 00 08 00 01 00 01 00 01 00 00 00 11 02 00 00 00 00 00 00 00 00 00 20 4D 00 01 00 00 00 08 00 08 00 01 00 01 00 01 00 00 00 00 00 02 00 00
2017/10/02 05:11:31.840 0x237 4: connect(172.16.20.213, 8193, 10)
2017/10/02 05:11:31.842 0x237 4: setNonBlocking(1)
2017/10/02 05:11:31.854 0x237 4: setNonBlocking(1)                                                                      2017/10/02 05:11:31.854 0x237 4: send(0xbeb75778, 12, 0)
2017/10/02 05:11:31.855 0x237 Send 12 byte(s): A0 A0 A0 A0 00 01 01 01 00 02 00 02
2017/10/02 05:11:31.862 0x237 4: receive(0xbeb75778, 10, 0)
2017/10/02 05:11:31.862 0x237 Recieve 10 byte(s): A0 A0 A0 A0 00 05 01 02 01 68
2017/10/02 05:11:31.863 0x237 4: receive(0xbeb75782, 360, 0)
2017/10/02 05:11:31.863 0x237 Recieve 360 byte(s): 00 08 00 05 00 03 00 20 00 08 00 0A 00 03 00 03 00 08 00 08 00 01 00 01 00 01 00 00 00 11 02 00 00 00 00 00 00 00 00 00 20 4D 00 01 00 00 00 08 00 08 00 01 00 01 00 01 00 00 00 00 00 02 00 00
2017/10/02 05:11:31.863 0x237 4: send(0xbeb748e8, 40, 0)
2017/10/02 05:11:31.863 0x237 Send 40 byte(s): A0 A0 A0 A0 00 01 21 01 00 1E 00 01 00 1C 00 01 00 01 00 18 00 00 00 00 00 00 00 00 00 00 00 00 00 00 00 00 00 00 00 00
2017/10/02 05:11:31.871 0x237 4: receive(0xbeb748e8, 10, 0)
2017/10/02 05:11:31.871 0x237 Recieve 10 byte(s): A0 A0 A0 A0 00 05 21 02 00 24
2017/10/02 05:11:31.872 0x237 4: receive(0xbeb748f2, 36, 0)
2017/10/02 05:11:31.872 0x237 Recieve 36 byte(s): 00 01 00 22 00 01 00 01 00 18 00 00 00 00 00 00 00 12 02 02 00 20 33 31 20 4D 47 34 32 31 39 31 2E 30 30 38
2017/10/02 05:11:31.872 0x237 Circuit is created: IP = 172.16.20.213 port = 8193 sock1 = 3 sock2 = 4
2017/10/02 05:11:31.872 0x237 The handle(32769) is created: sock1 = 3 sock2 = 4
2017/10/02 05:11:31.874 0x237 4: send(0xbeb76e68, 96, 0)
2017/10/02 05:11:31.875 0x237 Send 96 byte(s): A0 A0 A0 A0 00 01 21 01 00 56 00 03 00 1C 00 01 00 01 00 19 00 00 00 00 00 00 00 00 00 00 00 00 00 00 00 00 00 00 00 00 00 1C 00 01 00 01 00 E1 00 00 00 00 00 00 00 00 00 00 00 00 00 00 00 00
2017/10/02 05:11:31.887 0x237 4: receive(0xbeb76e68, 10, 0)
2017/10/02 05:11:31.887 0x237 Recieve 10 byte(s): A0 A0 A0 A0 00 05 21 02 00 46
2017/10/02 05:11:31.888 0x237 4: receive(0xbeb76e72, 70, 0)
2017/10/02 05:11:31.888 0x237 Recieve 70 byte(s): 00 03 00 1E 00 01 00 01 00 19 00 00 00 00 00 00 00 0E 00 00 00 00 00 00 00 00 00 00 00 01 00 00 00 14 00 01 00 01 00 E1 00 00 00 00 00 00 00 04 00 00 00 00 00 12 00 01 00 01 00 98 00 00 00 00
2017/10/02 05:11:31.888 0x237 4: send(0xbeb762f0, 292, 0)
2017/10/02 05:11:31.889 0x237 Send 292 byte(s): A0 A0 A0 A0 00 01 21 01 01 1A 00 0A 00 1C 00 01 00 01 00 A4 00 00 00 00 00 00 00 00 00 00 00 00 00 00 00 00 00 00 00 00 00 1C 00 01 00 01 00 89 FF FF FF FF 00 00 00 00 00 00 00 00 00 00 00 00
2017/10/02 05:11:31.907 0x237 4: receive(0xbeb762f0, 10, 0)
2017/10/02 05:11:31.907 0x237 Recieve 10 byte(s): A0 A0 A0 A0 00 05 21 02 06 A6
2017/10/02 05:11:31.907 0x237 4: receive(0xbeb762fa, 1702, 0)
2017/10/02 05:11:31.907 0x237 Recieve 1702 byte(s): 00 0A 00 12 00 01 00 01 00 A4 00 00 00 00 00 00 00 02 00 08 00 90 00 01 00 01 00 89 00 00 00 00 00 00 00 80 58 00 00 00 58 00 00 00 58 00 00 00 58 00 00 00 59 00 00 00 59 00 00 00 59 00 00 00
2017/10/02 05:11:31.913 0x237 4: send(0xbeb76320, 264, 0)
2017/10/02 05:11:31.913 0x237 Send 264 byte(s): A0 A0 A0 A0 00 01 21 01 00 FE 00 09 00 1C 00 01 00 01 00 1A 00 00 00 00 00 00 00 00 00 00 00 00 00 00 00 00 00 00 00 00 00 1C 00 01 00 01 00 1C 00 00 00 00 00 00 00 00 00 00 00 00 00 00 00 00
2017/10/02 05:11:31.930 0x237 4: receive(0xbeb76320, 10, 0)
2017/10/02 05:11:31.931 0x237 Recieve 10 byte(s): A0 A0 A0 A0 00 05 21 02 04 B2
2017/10/02 05:11:31.932 0x237 4: receive(0xbeb7632a, 1202, 0)
2017/10/02 05:11:31.932 0x237 Recieve 1202 byte(s): 00 09 00 14 00 01 00 01 00 1A 00 00 00 00 00 00 00 04 00 00 00 01 00 18 00 01 00 01 00 1C 00 00 00 00 00 00 00 08 00 00 00 00 00 00 07 D2 00 14 00 01 00 01 00 1D 00 00 00 00 00 00 00 04 00 00
2017/10/02 05:11:31.934 0x237 4: send(0xbeb76408, 40, 0)
2017/10/02 05:11:31.935 0x237 Send 40 byte(s): A0 A0 A0 A0 00 01 21 01 00 1E 00 01 00 1C 00 01 00 01 00 03 00 00 00 04 00 00 00 00 00 00 00 00 00 00 00 00 00 00 00 00
2017/10/02 05:11:31.946 0x237 4: receive(0xbeb76408, 10, 0)
2017/10/02 05:11:31.946 0x237 Recieve 10 byte(s): A0 A0 A0 A0 00 05 21 02 00 12
2017/10/02 05:11:31.946 0x237 4: receive(0xbeb76412, 18, 0)
2017/10/02 05:11:31.947 0x237 Recieve 18 byte(s): 00 01 00 10 00 01 00 01 00 03 00 05 00 02 00 00 00 00
2017/10/02 05:11:31.947 0x237 Error: 4: cnc_searcho8(32769 4): 5 2 0
2017/10/02 05:11:31.948 0x237 3: send(0xbeb76dc8, 10, 0)
2017/10/02 05:11:31.949 0x237 Send 10 byte(s): A0 A0 A0 A0 00 01 02 01 00 00
2017/10/02 05:11:31.958 0x237 3: receive(0xbeb76dc8, 10, 0)
2017/10/02 05:11:31.958 0x237 Recieve 10 byte(s): A0 A0 A0 A0 00 05 02 02 00 00
2017/10/02 05:11:31.960 0x237 4: send(0xbeb76dc8, 10, 0)
2017/10/02 05:11:31.960 0x237 Send 10 byte(s): A0 A0 A0 A0 00 01 02 01 00 00
2017/10/02 05:11:31.974 0x237 4: receive(0xbeb76dc8, 10, 0)
2017/10/02 05:11:31.975 0x237 Recieve 10 byte(s): A0 A0 A0 A0 00 05 02 02 00 00
2017/10/02 05:11:31.976 0x237 3: close()
2017/10/02 05:11:31.976 0x237 3: setNonBlocking(0)
2017/10/02 05:11:31.977 0x237 Socket(3) was closed.
2017/10/02 05:11:31.977 0x237 4: close()
2017/10/02 05:11:31.977 0x237 4: setNonBlocking(0)
2017/10/02 05:11:31.978 0x237 Socket(4) was closed.
2017/10/02 05:11:31.978 0x237 Circuit was closed: IP = 172.16.20.213 port = 8193
2017/10/02 05:19:04.981 0x247 getInetAddr(172.16.20.213)
2017/10/02 05:19:04.982 0x247 create()
2017/10/02 05:19:04.983 0x247 Socket(3) is created.
2017/10/02 05:19:04.983 0x247 create()
2017/10/02 05:19:04.983 0x247 Socket(4) is created.
2017/10/02 05:19:04.983 0x247 4: setNoDelay(1)
2017/10/02 05:19:04.984 0x247 3: connect(172.16.20.213, 8193, 10)
2017/10/02 05:19:04.984 0x247 3: setNonBlocking(1)
2017/10/02 05:19:04.997 0x247 3: setNonBlocking(1)
2017/10/02 05:19:04.998 0x247 3: send(0xbed6d778, 12, 0)
2017/10/02 05:19:04.998 0x247 Send 12 byte(s): A0 A0 A0 A0 00 01 01 01 00 02 00 01
2017/10/02 05:19:05.018 0x247 3: receive(0xbed6d778, 10, 0)
2017/10/02 05:19:05.018 0x247 Recieve 10 byte(s): A0 A0 A0 A0 00 05 01 02 01 68
2017/10/02 05:19:05.018 0x247 3: receive(0xbed6d782, 360, 0)
2017/10/02 05:19:05.018 0x247 Recieve 360 byte(s): 00 08 00 05 00 03 00 20 00 08 00 0A 00 03 00 03 00 08 00 08 00 01 00 01 00 01 00 00 00 11 02 00 00 00 00 00 00 00 00 00 20 4D 00 01 00 00 00 08 00 08 00 01 00 01 00 01 00 00 00 00 00 02 00 00
2017/10/02 05:19:05.019 0x247 4: connect(172.16.20.213, 8193, 10)
2017/10/02 05:19:05.019 0x247 4: setNonBlocking(1)
2017/10/02 05:19:05.035 0x247 4: setNonBlocking(1)
2017/10/02 05:19:05.035 0x247 4: send(0xbed6d778, 12, 0)
2017/10/02 05:19:05.035 0x247 Send 12 byte(s): A0 A0 A0 A0 00 01 01 01 00 02 00 02
2017/10/02 05:19:05.045 0x247 4: receive(0xbed6d778, 10, 0)
2017/10/02 05:19:05.046 0x247 Recieve 10 byte(s): A0 A0 A0 A0 00 05 01 02 01 68
2017/10/02 05:19:05.046 0x247 4: receive(0xbed6d782, 360, 0)
2017/10/02 05:19:05.046 0x247 Recieve 360 byte(s): 00 08 00 05 00 03 00 20 00 08 00 0A 00 03 00 03 00 08 00 08 00 01 00 01 00 01 00 00 00 11 02 00 00 00 00 00 00 00 00 00 20 4D 00 01 00 00 00 08 00 08 00 01 00 01 00 01 00 00 00 00 00 02 00 00
2017/10/02 05:19:05.047 0x247 4: send(0xbed6c8e8, 40, 0)
2017/10/02 05:19:05.048 0x247 Send 40 byte(s): A0 A0 A0 A0 00 01 21 01 00 1E 00 01 00 1C 00 01 00 01 00 18 00 00 00 00 00 00 00 00 00 00 00 00 00 00 00 00 00 00 00 00
2017/10/02 05:19:05.057 0x247 4: receive(0xbed6c8e8, 10, 0)
2017/10/02 05:19:05.058 0x247 Recieve 10 byte(s): A0 A0 A0 A0 00 05 21 02 00 24
2017/10/02 05:19:05.058 0x247 4: receive(0xbed6c8f2, 36, 0)
2017/10/02 05:19:05.058 0x247 Recieve 36 byte(s): 00 01 00 22 00 01 00 01 00 18 00 00 00 00 00 00 00 12 02 02 00 20 33 31 20 4D 47 34 32 31 39 31 2E 30 30 38
2017/10/02 05:19:05.058 0x247 Circuit is created: IP = 172.16.20.213 port = 8193 sock1 = 3 sock2 = 4
2017/10/02 05:19:05.059 0x247 The handle(32769) is created: sock1 = 3 sock2 = 4
2017/10/02 05:19:05.060 0x247 4: send(0xbed6ee68, 96, 0)
2017/10/02 05:19:05.060 0x247 Send 96 byte(s): A0 A0 A0 A0 00 01 21 01 00 56 00 03 00 1C 00 01 00 01 00 19 00 00 00 00 00 00 00 00 00 00 00 00 00 00 00 00 00 00 00 00 00 1C 00 01 00 01 00 E1 00 00 00 00 00 00 00 00 00 00 00 00 00 00 00 00
2017/10/02 05:19:05.069 0x247 4: receive(0xbed6ee68, 10, 0)
2017/10/02 05:19:05.070 0x247 Recieve 10 byte(s): A0 A0 A0 A0 00 05 21 02 00 46
2017/10/02 05:19:05.070 0x247 4: receive(0xbed6ee72, 70, 0)
2017/10/02 05:19:05.070 0x247 Recieve 70 byte(s): 00 03 00 1E 00 01 00 01 00 19 00 00 00 00 00 00 00 0E 00 03 00 00 00 00 00 00 00 00 00 01 00 00 00 14 00 01 00 01 00 E1 00 00 00 00 00 00 00 04 00 00 00 00 00 12 00 01 00 01 00 98 00 00 00 00
2017/10/02 05:19:05.070 0x247 4: send(0xbed6e2f0, 292, 0)
2017/10/02 05:19:05.071 0x247 Send 292 byte(s): A0 A0 A0 A0 00 01 21 01 01 1A 00 0A 00 1C 00 01 00 01 00 A4 00 00 00 00 00 00 00 00 00 00 00 00 00 00 00 00 00 00 00 00 00 1C 00 01 00 01 00 89 FF FF FF FF 00 00 00 00 00 00 00 00 00 00 00 00
2017/10/02 05:19:05.090 0x247 4: receive(0xbed6e2f0, 10, 0)
2017/10/02 05:19:05.090 0x247 Recieve 10 byte(s): A0 A0 A0 A0 00 05 21 02 06 A6
2017/10/02 05:19:05.091 0x247 4: receive(0xbed6e2fa, 1702, 0)
2017/10/02 05:19:05.091 0x247 Recieve 1702 byte(s): 00 0A 00 12 00 01 00 01 00 A4 00 00 00 00 00 00 00 02 00 08 00 90 00 01 00 01 00 89 00 00 00 00 00 00 00 80 58 00 69 E4 58 00 69 E4 58 00 69 E4 58 00 69 E4 59 00 69 E4 59 00 69 E4 59 00 69 E4
2017/10/02 05:19:05.097 0x247 4: send(0xbed6e320, 264, 0)
2017/10/02 05:19:05.098 0x247 Send 264 byte(s): A0 A0 A0 A0 00 01 21 01 00 FE 00 09 00 1C 00 01 00 01 00 1A 00 00 00 00 00 00 00 00 00 00 00 00 00 00 00 00 00 00 00 00 00 1C 00 01 00 01 00 1C 00 00 00 00 00 00 00 00 00 00 00 00 00 00 00 00
2017/10/02 05:19:05.110 0x247 4: receive(0xbed6e320, 10, 0)
2017/10/02 05:19:05.110 0x247 Recieve 10 byte(s): A0 A0 A0 A0 00 05 21 02 04 B2
2017/10/02 05:19:05.110 0x247 4: receive(0xbed6e32a, 1202, 0)
2017/10/02 05:19:05.110 0x247 Recieve 1202 byte(s): 00 09 00 14 00 01 00 01 00 1A 00 00 00 00 00 00 00 04 00 00 00 01 00 18 00 01 00 01 00 1C 00 00 00 00 00 00 00 08 00 00 07 D2 00 00 07 D2 00 14 00 01 00 01 00 1D 00 00 00 00 00 00 00 04 00 00
2017/10/02 05:19:05.113 0x247 4: send(0xbed6e408, 40, 0)
2017/10/02 05:19:05.113 0x247 Send 40 byte(s): A0 A0 A0 A0 00 01 21 01 00 1E 00 01 00 1C 00 01 00 01 00 03 00 00 00 04 00 00 00 00 00 00 00 00 00 00 00 00 00 00 00 00
2017/10/02 05:19:05.133 0x247 4: receive(0xbed6e408, 10, 0)
2017/10/02 05:19:05.134 0x247 Recieve 10 byte(s): A0 A0 A0 A0 00 05 21 02 00 12
2017/10/02 05:19:05.134 0x247 4: receive(0xbed6e412, 18, 0)
2017/10/02 05:19:05.134 0x247 Recieve 18 byte(s): 00 01 00 10 00 01 00 01 00 03 00 05 00 02 00 00 00 00
2017/10/02 05:19:05.135 0x247 Error: 4: cnc_searcho8(32769 4): 5 2 0
2017/10/02 05:19:05.137 0x247 3: send(0xbed6edc8, 10, 0)
2017/10/02 05:19:05.137 0x247 Send 10 byte(s): A0 A0 A0 A0 00 01 02 01 00 00
2017/10/02 05:19:05.149 0x247 3: receive(0xbed6edc8, 10, 0)
2017/10/02 05:19:05.150 0x247 Recieve 10 byte(s): A0 A0 A0 A0 00 05 02 02 00 00
2017/10/02 05:19:05.151 0x247 4: send(0xbed6edc8, 10, 0)
2017/10/02 05:19:05.151 0x247 Send 10 byte(s): A0 A0 A0 A0 00 01 02 01 00 00
2017/10/02 05:19:05.165 0x247 4: receive(0xbed6edc8, 10, 0)
2017/10/02 05:19:05.166 0x247 Recieve 10 byte(s): A0 A0 A0 A0 00 05 02 02 00 00
2017/10/02 05:19:05.167 0x247 3: close()
2017/10/02 05:19:05.167 0x247 3: setNonBlocking(0)
2017/10/02 05:19:05.167 0x247 Socket(3) was closed.
2017/10/02 05:19:05.168 0x247 4: close()
2017/10/02 05:19:05.168 0x247 4: setNonBlocking(0)
2017/10/02 05:19:05.168 0x247 Socket(4) was closed.
2017/10/02 05:19:05.168 0x247 Circuit was closed: IP = 172.16.20.213 port = 8193
2017/10/02 05:30:43.343 0x273 getInetAddr(172.16.20.213)
2017/10/02 05:30:43.344 0x273 create()
2017/10/02 05:30:43.345 0x273 Socket(3) is created.
2017/10/02 05:30:43.345 0x273 create()
2017/10/02 05:30:43.345 0x273 Socket(4) is created.
2017/10/02 05:30:43.345 0x273 4: setNoDelay(1)
2017/10/02 05:30:43.346 0x273 3: connect(172.16.20.213, 8193, 10)
2017/10/02 05:30:43.346 0x273 3: setNonBlocking(1)
2017/10/02 05:30:43.367 0x273 3: setNonBlocking(1)
2017/10/02 05:30:43.367 0x273 3: send(0xbe931778, 12, 0)
2017/10/02 05:30:43.368 0x273 Send 12 byte(s): A0 A0 A0 A0 00 01 01 01 00 02 00 01
2017/10/02 05:30:43.379 0x273 3: receive(0xbe931778, 10, 0)
2017/10/02 05:30:43.379 0x273 Recieve 10 byte(s): A0 A0 A0 A0 00 05 01 02 01 68
2017/10/02 05:30:43.379 0x273 3: receive(0xbe931782, 360, 0)
2017/10/02 05:30:43.380 0x273 Recieve 360 byte(s): 00 08 00 05 00 03 00 20 00 08 00 0A 00 03 00 03 00 08 00 08 00 01 00 01 00 01 00 00 00 11 02 00 00 00 00 00 00 00 00 00 20 4D 00 01 00 00 00 08 00 08 00 01 00 01 00 01 00 00 00 00 00 02 00 00
2017/10/02 05:30:43.380 0x273 4: connect(172.16.20.213, 8193, 10)
2017/10/02 05:30:43.381 0x273 4: setNonBlocking(1)
2017/10/02 05:30:43.391 0x273 4: setNonBlocking(1)
2017/10/02 05:30:43.391 0x273 4: send(0xbe931778, 12, 0)
2017/10/02 05:30:43.392 0x273 Send 12 byte(s): A0 A0 A0 A0 00 01 01 01 00 02 00 02
2017/10/02 05:30:43.403 0x273 4: receive(0xbe931778, 10, 0)
2017/10/02 05:30:43.403 0x273 Recieve 10 byte(s): A0 A0 A0 A0 00 05 01 02 01 68
2017/10/02 05:30:43.403 0x273 4: receive(0xbe931782, 360, 0)
2017/10/02 05:30:43.404 0x273 Recieve 360 byte(s): 00 08 00 05 00 03 00 20 00 08 00 0A 00 03 00 03 00 08 00 08 00 01 00 01 00 01 00 00 00 11 02 00 00 00 00 00 00 00 00 00 20 4D 00 01 00 00 00 08 00 08 00 01 00 01 00 01 00 00 00 00 00 02 00 00
2017/10/02 05:30:43.404 0x273 4: send(0xbe9308e8, 40, 0)
2017/10/02 05:30:43.404 0x273 Send 40 byte(s): A0 A0 A0 A0 00 01 21 01 00 1E 00 01 00 1C 00 01 00 01 00 18 00 00 00 00 00 00 00 00 00 00 00 00 00 00 00 00 00 00 00 00
2017/10/02 05:30:43.415 0x273 4: receive(0xbe9308e8, 10, 0)
2017/10/02 05:30:43.415 0x273 Recieve 10 byte(s): A0 A0 A0 A0 00 05 21 02 00 24
2017/10/02 05:30:43.415 0x273 4: receive(0xbe9308f2, 36, 0)
2017/10/02 05:30:43.415 0x273 Recieve 36 byte(s): 00 01 00 22 00 01 00 01 00 18 00 00 00 00 00 00 00 12 02 02 00 20 33 31 20 4D 47 34 32 31 39 31 2E 30 30 38
2017/10/02 05:30:43.415 0x273 Circuit is created: IP = 172.16.20.213 port = 8193 sock1 = 3 sock2 = 4
2017/10/02 05:30:43.416 0x273 The handle(32769) is created: sock1 = 3 sock2 = 4
2017/10/02 05:30:43.418 0x273 4: send(0xbe932e68, 96, 0)
2017/10/02 05:30:43.418 0x273 Send 96 byte(s): A0 A0 A0 A0 00 01 21 01 00 56 00 03 00 1C 00 01 00 01 00 19 00 00 00 00 00 00 00 00 00 00 00 00 00 00 00 00 00 00 00 00 00 1C 00 01 00 01 00 E1 00 00 00 00 00 00 00 00 00 00 00 00 00 00 00 00
2017/10/02 05:30:43.427 0x273 4: receive(0xbe932e68, 10, 0)
2017/10/02 05:30:43.427 0x273 Recieve 10 byte(s): A0 A0 A0 A0 00 05 21 02 00 46
2017/10/02 05:30:43.427 0x273 4: receive(0xbe932e72, 70, 0)
2017/10/02 05:30:43.427 0x273 Recieve 70 byte(s): 00 03 00 1E 00 01 00 01 00 19 00 00 00 00 00 00 00 0E 00 03 00 00 00 00 00 00 00 00 00 01 00 00 00 14 00 01 00 01 00 E1 00 00 00 00 00 00 00 04 00 00 00 00 00 12 00 01 00 01 00 98 00 00 00 00
2017/10/02 05:30:43.428 0x273 4: send(0xbe932258, 292, 0)
2017/10/02 05:30:43.428 0x273 Send 292 byte(s): A0 A0 A0 A0 00 01 21 01 01 1A 00 0A 00 1C 00 01 00 01 00 A4 00 00 00 00 00 00 00 00 00 00 00 00 00 00 00 00 00 00 00 00 00 1C 00 01 00 01 00 89 FF FF FF FF 00 00 00 00 00 00 00 00 00 00 00 00
2017/10/02 05:30:43.447 0x273 4: receive(0xbe932258, 10, 0)
2017/10/02 05:30:43.447 0x273 Recieve 10 byte(s): A0 A0 A0 A0 00 05 21 02 06 A6
2017/10/02 05:30:43.448 0x273 4: receive(0xbe932262, 1702, 0)
2017/10/02 05:30:43.448 0x273 Recieve 1702 byte(s): 00 0A 00 12 00 01 00 01 00 A4 00 00 00 00 00 00 00 02 00 08 00 90 00 01 00 01 00 89 00 00 00 00 00 00 00 80 58 00 00 00 58 00 00 00 58 00 00 00 58 00 00 00 59 00 00 00 59 00 00 00 59 00 00 00
2017/10/02 05:30:43.453 0x273 4: send(0xbe932288, 264, 0)
2017/10/02 05:30:43.454 0x273 Send 264 byte(s): A0 A0 A0 A0 00 01 21 01 00 FE 00 09 00 1C 00 01 00 01 00 1A 00 00 00 00 00 00 00 00 00 00 00 00 00 00 00 00 00 00 00 00 00 1C 00 01 00 01 00 1C 00 00 00 00 00 00 00 00 00 00 00 00 00 00 00 00
2017/10/02 05:30:43.467 0x273 4: receive(0xbe932288, 10, 0)
2017/10/02 05:30:43.467 0x273 Recieve 10 byte(s): A0 A0 A0 A0 00 05 21 02 04 B2
2017/10/02 05:30:43.468 0x273 4: receive(0xbe932292, 1202, 0)
2017/10/02 05:30:43.469 0x273 Recieve 1202 byte(s): 00 09 00 14 00 01 00 01 00 1A 00 00 00 00 00 00 00 04 00 00 00 01 00 18 00 01 00 01 00 1C 00 00 00 00 00 00 00 08 00 00 07 D2 00 00 07 D2 00 14 00 01 00 01 00 1D 00 00 00 00 00 00 00 04 00 00
2017/10/02 05:30:43.471 0x273 4: send(0xbe932370, 40, 0)
2017/10/02 05:30:43.472 0x273 Send 40 byte(s): A0 A0 A0 A0 00 01 21 01 00 1E 00 01 00 1C 00 01 00 01 00 03 00 00 00 04 00 00 00 00 00 00 00 00 00 00 00 00 00 00 00 00
2017/10/02 05:30:43.487 0x273 4: receive(0xbe932370, 10, 0)
2017/10/02 05:30:43.487 0x273 Recieve 10 byte(s): A0 A0 A0 A0 00 05 21 02 00 12
2017/10/02 05:30:43.487 0x273 4: receive(0xbe93237a, 18, 0)
2017/10/02 05:30:43.487 0x273 Recieve 18 byte(s): 00 01 00 10 00 01 00 01 00 03 00 05 00 02 00 00 00 00
2017/10/02 05:30:43.488 0x273 Error: 4: cnc_searcho8(32769 4): 5 2 0
2017/10/02 05:30:43.489 0x273 4: send(0xbe932378, 40, 0)
2017/10/02 05:30:43.490 0x273 Send 40 byte(s): A0 A0 A0 A0 00 01 21 01 00 1E 00 01 00 1C 00 01 00 01 00 24 00 00 00 00 00 00 00 00 00 00 00 00 00 00 00 00 00 00 00 00
2017/10/02 05:30:43.499 0x273 4: receive(0xbe932378, 10, 0)
2017/10/02 05:30:43.499 0x273 Recieve 10 byte(s): A0 A0 A0 A0 00 05 21 02 00 1A
2017/10/02 05:30:43.499 0x273 4: receive(0xbe932382, 26, 0)
2017/10/02 05:30:43.500 0x273 Recieve 26 byte(s): 00 01 00 18 00 01 00 01 00 24 00 00 00 02 00 00 00 08 00 00 00 00 00 0A 00 00
2017/10/02 05:30:43.501 0x273 4: send(0xbe932290, 40, 0)
2017/10/02 05:30:43.502 0x273 Send 40 byte(s): A0 A0 A0 A0 00 01 21 01 00 1E 00 01 00 1C 00 01 00 01 00 08 00 00 00 01 00 00 00 01 00 00 03 E8 00 00 00 00 00 00 00 00
2017/10/02 05:30:43.511 0x273 4: receive(0xbe932290, 10, 0)
2017/10/02 05:30:43.511 0x273 Recieve 10 byte(s): A0 A0 A0 A0 00 05 21 02 00 1A
2017/10/02 05:30:43.511 0x273 4: receive(0xbe93229a, 26, 0)
2017/10/02 05:30:43.511 0x273 Recieve 26 byte(s): 00 01 00 18 00 01 00 01 00 08 00 00 00 02 00 00 00 08 00 00 00 00 00 0A 00 04
2017/10/02 05:30:43.512 0x273 4: send(0xbe932290, 40, 0)
2017/10/02 05:30:43.513 0x273 Send 40 byte(s): A0 A0 A0 A0 00 01 21 01 00 1E 00 01 00 1C 00 01 00 01 00 08 00 00 00 01 00 00 00 01 00 00 03 EA 00 00 00 00 00 00 00 00
2017/10/02 05:30:43.523 0x273 4: receive(0xbe932290, 10, 0)
2017/10/02 05:30:43.523 0x273 Recieve 10 byte(s): A0 A0 A0 A0 00 05 21 02 00 1A
2017/10/02 05:30:43.523 0x273 4: receive(0xbe93229a, 26, 0)
2017/10/02 05:30:43.523 0x273 Recieve 26 byte(s): 00 01 00 18 00 01 00 01 00 08 00 00 00 02 00 00 00 08 00 00 00 00 00 0A 00 04
2017/10/02 05:30:43.524 0x273 4: send(0xbe932290, 40, 0)
2017/10/02 05:30:43.525 0x273 Send 40 byte(s): A0 A0 A0 A0 00 01 21 01 00 1E 00 01 00 1C 00 01 00 01 00 08 00 00 00 01 00 00 00 01 00 00 03 F0 00 00 00 00 00 00 00 00
2017/10/02 05:30:43.531 0x273 4: receive(0xbe932290, 10, 0)
2017/10/02 05:30:43.531 0x273 Recieve 10 byte(s): A0 A0 A0 A0 00 05 21 02 00 12
2017/10/02 05:30:43.531 0x273 4: receive(0xbe93229a, 18, 0)
2017/10/02 05:30:43.532 0x273 Recieve 18 byte(s): 00 01 00 10 00 01 00 01 00 08 00 04 00 02 00 00 00 00
2017/10/02 05:30:43.532 0x273 Error: 4: cnc_rdtofsr(32769 1 1008 1 188 0xbe933074): 4 2 0
2017/10/02 05:30:43.533 0x273 4: send(0xbe931d10, 40, 0)
2017/10/02 05:30:43.533 0x273 Send 40 byte(s): A0 A0 A0 A0 00 01 21 01 00 1E 00 01 00 1C 00 01 00 01 00 0B 00 00 00 01 00 00 00 01 FF FF FF FF 00 00 00 00 00 00 00 00
2017/10/02 05:30:43.543 0x273 4: receive(0xbe931d10, 10, 0)
2017/10/02 05:30:43.543 0x273 Recieve 10 byte(s): A0 A0 A0 A0 00 05 21 02 01 12
2017/10/02 05:30:43.543 0x273 4: receive(0xbe931d1a, 274, 0)
2017/10/02 05:30:43.543 0x273 Recieve 274 byte(s): 00 01 01 10 00 01 00 01 00 0B 00 00 00 02 00 00 01 00 00 00 00 00 00 0A 00 04 00 00 00 00 00 0A 00 04 00 00 00 00 00 0A 00 04 00 00 00 00 00 0A 00 04 00 00 00 00 00 0A 00 04 00 00 00 00 00 0A
2017/10/02 05:30:43.549 0x273 3: send(0xbe932dc8, 10, 0)
2017/10/02 05:30:43.549 0x273 Send 10 byte(s): A0 A0 A0 A0 00 01 02 01 00 00
2017/10/02 05:30:43.559 0x273 3: receive(0xbe932dc8, 10, 0)
2017/10/02 05:30:43.559 0x273 Recieve 10 byte(s): A0 A0 A0 A0 00 05 02 02 00 00
2017/10/02 05:30:43.560 0x273 4: send(0xbe932dc8, 10, 0)
2017/10/02 05:30:43.561 0x273 Send 10 byte(s): A0 A0 A0 A0 00 01 02 01 00 00
2017/10/02 05:30:43.575 0x273 4: receive(0xbe932dc8, 10, 0)
2017/10/02 05:30:43.575 0x273 Recieve 10 byte(s): A0 A0 A0 A0 00 05 02 02 00 00
2017/10/02 05:30:43.577 0x273 3: close()
2017/10/02 05:30:43.577 0x273 3: setNonBlocking(0)
2017/10/02 05:30:43.578 0x273 Socket(3) was closed.
2017/10/02 05:30:43.578 0x273 4: close()
2017/10/02 05:30:43.578 0x273 4: setNonBlocking(0)
2017/10/02 05:30:43.579 0x273 Socket(4) was closed.
2017/10/02 05:30:43.579 0x273 Circuit was closed: IP = 172.16.20.213 port = 8193

